<?xml version="1.0" encoding="UTF-8"?>
<!-- Generated by org.testng.reporters.JUnitReportReporter -->
<testsuite hostname="DESKTOP-VJDPDQH" failures="0" tests="1" name="handsonassesment.mmthandson" time="54.595" errors="0" timestamp="30 Nov 2023 10:37:26 GMT">
  <testcase classname="handsonassesment.mmthandson" name="hp" time="54.595"/>
</testsuite> <!-- handsonassesment.mmthandson -->
